c:\users\ryzen 5\desktop\school\5th_semester\zpg\projectzpg\projectzpg\debug\vc142.pdb
c:\users\ryzen 5\desktop\school\5th_semester\zpg\projectzpg\projectzpg\debug\vc142.idb
c:\users\ryzen 5\desktop\school\5th_semester\zpg\projectzpg\projectzpg\debug\shaderfactory.obj
c:\users\ryzen 5\desktop\school\5th_semester\zpg\projectzpg\projectzpg\debug\abstractshader.obj
c:\users\ryzen 5\desktop\school\5th_semester\zpg\projectzpg\projectzpg\debug\scenemanager.obj
c:\users\ryzen 5\desktop\school\5th_semester\zpg\projectzpg\projectzpg\debug\scenefactory.obj
c:\users\ryzen 5\desktop\school\5th_semester\zpg\projectzpg\projectzpg\debug\scene.obj
c:\users\ryzen 5\desktop\school\5th_semester\zpg\projectzpg\projectzpg\debug\model.obj
c:\users\ryzen 5\desktop\school\5th_semester\zpg\projectzpg\projectzpg\debug\main.obj
c:\users\ryzen 5\desktop\school\5th_semester\zpg\projectzpg\projectzpg\debug\quad.obj
c:\users\ryzen 5\desktop\school\5th_semester\zpg\projectzpg\projectzpg\debug\phongshader.obj
c:\users\ryzen 5\desktop\school\5th_semester\zpg\projectzpg\projectzpg\debug\objectmanager.obj
c:\users\ryzen 5\desktop\school\5th_semester\zpg\projectzpg\projectzpg\debug\objectfactory.obj
c:\users\ryzen 5\desktop\school\5th_semester\zpg\projectzpg\projectzpg\debug\lightobject.obj
c:\users\ryzen 5\desktop\school\5th_semester\zpg\projectzpg\projectzpg\debug\lightmanager.obj
c:\users\ryzen 5\desktop\school\5th_semester\zpg\projectzpg\projectzpg\debug\light.obj
c:\users\ryzen 5\desktop\school\5th_semester\zpg\projectzpg\projectzpg\debug\lambertshader.obj
c:\users\ryzen 5\desktop\school\5th_semester\zpg\projectzpg\projectzpg\debug\game.obj
c:\users\ryzen 5\desktop\school\5th_semester\zpg\projectzpg\projectzpg\debug\constantshader.obj
c:\users\ryzen 5\desktop\school\5th_semester\zpg\projectzpg\projectzpg\debug\camera.obj
c:\users\ryzen 5\desktop\school\5th_semester\zpg\projectzpg\projectzpg\debug\bezier.obj
c:\users\ryzen 5\desktop\school\5th_semester\zpg\projectzpg\projectzpg\debug\abstractobject.obj
c:\users\ryzen 5\desktop\school\5th_semester\zpg\projectzpg\projectzpg\debug\windowinitializer.obj
c:\users\ryzen 5\desktop\school\5th_semester\zpg\projectzpg\projectzpg\debug\controller.obj
c:\users\ryzen 5\desktop\school\5th_semester\zpg\projectzpg\projectzpg\debug\triangle.obj
c:\users\ryzen 5\desktop\school\5th_semester\zpg\projectzpg\projectzpg\debug\transformations.obj
c:\users\ryzen 5\desktop\school\5th_semester\zpg\projectzpg\projectzpg\debug\textureshader.obj
c:\users\ryzen 5\desktop\school\5th_semester\zpg\projectzpg\projectzpg\debug\textureobject.obj
c:\users\ryzen 5\desktop\school\5th_semester\zpg\projectzpg\projectzpg\debug\texturemanager.obj
c:\users\ryzen 5\desktop\school\5th_semester\zpg\projectzpg\projectzpg\debug\shadermanager.obj
c:\users\ryzen 5\desktop\school\5th_semester\zpg\projectzpg\projectzpg\debug\material.obj
c:\users\ryzen 5\desktop\school\5th_semester\zpg\projectzpg\projectzpg\debug\pointlight.obj
c:\users\ryzen 5\desktop\school\5th_semester\zpg\projectzpg\projectzpg\debug\directionallight.obj
c:\users\ryzen 5\desktop\school\5th_semester\zpg\projectzpg\debug\projectzpg.pdb
c:\users\ryzen 5\desktop\school\5th_semester\zpg\projectzpg\debug\projectzpg.exe
c:\users\ryzen 5\desktop\school\5th_semester\zpg\projectzpg\projectzpg\debug\projectzpg.tlog\cl.command.1.tlog
c:\users\ryzen 5\desktop\school\5th_semester\zpg\projectzpg\projectzpg\debug\projectzpg.tlog\cl.read.1.tlog
c:\users\ryzen 5\desktop\school\5th_semester\zpg\projectzpg\projectzpg\debug\projectzpg.tlog\cl.write.1.tlog
c:\users\ryzen 5\desktop\school\5th_semester\zpg\projectzpg\projectzpg\debug\projectzpg.tlog\link.command.1.tlog
c:\users\ryzen 5\desktop\school\5th_semester\zpg\projectzpg\projectzpg\debug\projectzpg.tlog\link.read.1.tlog
c:\users\ryzen 5\desktop\school\5th_semester\zpg\projectzpg\projectzpg\debug\projectzpg.tlog\link.write.1.tlog
