  AbstractObject.cpp
E:\projectZPG - kopie\projectZPG\Model.h(3,10): fatal error C1083: Cannot open include file: 'GL/glew.h': No such file or directory
  Camera.cpp
E:\projectZPG - kopie\projectZPG\Camera.h(3,10): fatal error C1083: Cannot open include file: 'GL/glew.h': No such file or directory
  Game.cpp
E:\projectZPG - kopie\projectZPG\WindowInitializer.h(3,10): fatal error C1083: Cannot open include file: 'GL/glew.h': No such file or directory
  ObjectFactory.cpp
E:\projectZPG - kopie\projectZPG\Model.h(3,10): fatal error C1083: Cannot open include file: 'GL/glew.h': No such file or directory
  ObjectManager.cpp
E:\projectZPG - kopie\projectZPG\Model.h(3,10): fatal error C1083: Cannot open include file: 'GL/glew.h': No such file or directory
  Quad.cpp
E:\projectZPG - kopie\projectZPG\Model.h(3,10): fatal error C1083: Cannot open include file: 'GL/glew.h': No such file or directory
  main.cpp
E:\projectZPG - kopie\projectZPG\WindowInitializer.h(3,10): fatal error C1083: Cannot open include file: 'GL/glew.h': No such file or directory
  Model.cpp
E:\projectZPG - kopie\projectZPG\Model.h(3,10): fatal error C1083: Cannot open include file: 'GL/glew.h': No such file or directory
  Scene.cpp
E:\projectZPG - kopie\projectZPG\Camera.h(3,10): fatal error C1083: Cannot open include file: 'GL/glew.h': No such file or directory
  SceneFactory.cpp
E:\projectZPG - kopie\projectZPG\Camera.h(3,10): fatal error C1083: Cannot open include file: 'GL/glew.h': No such file or directory
  SceneManager.cpp
E:\projectZPG - kopie\projectZPG\Camera.h(3,10): fatal error C1083: Cannot open include file: 'GL/glew.h': No such file or directory
  Shader.cpp
E:\projectZPG - kopie\projectZPG\Shader.h(2,10): fatal error C1083: Cannot open include file: 'GL/glew.h': No such file or directory
  ShaderFactory.cpp
E:\projectZPG - kopie\projectZPG\Shader.h(2,10): fatal error C1083: Cannot open include file: 'GL/glew.h': No such file or directory
  ShaderManager.cpp
E:\projectZPG - kopie\projectZPG\Camera.h(3,10): fatal error C1083: Cannot open include file: 'GL/glew.h': No such file or directory
  Transformations.cpp
E:\projectZPG - kopie\projectZPG\Transformations.h(3,10): fatal error C1083: Cannot open include file: 'GL/glew.h': No such file or directory
  Triangle.cpp
E:\projectZPG - kopie\projectZPG\Model.h(3,10): fatal error C1083: Cannot open include file: 'GL/glew.h': No such file or directory
  UserInput.cpp
E:\projectZPG - kopie\projectZPG\Camera.h(3,10): fatal error C1083: Cannot open include file: 'GL/glew.h': No such file or directory
  WindowInitializer.cpp
E:\projectZPG - kopie\projectZPG\WindowInitializer.h(3,10): fatal error C1083: Cannot open include file: 'GL/glew.h': No such file or directory
  Generating Code...
